[debug] [2025-11-07T11:27:00.765Z] ----------------------------------------------------------------------
[debug] [2025-11-07T11:27:00.769Z] Command:       C:\Program Files\nodejs\node.exe C:\Users\santa fe\AppData\Roaming\npm\node_modules\firebase-tools\lib\bin\firebase.js init
[debug] [2025-11-07T11:27:00.769Z] CLI Version:   14.23.0
[debug] [2025-11-07T11:27:00.769Z] Platform:      win32
[debug] [2025-11-07T11:27:00.769Z] Node Version:  v24.11.0
[debug] [2025-11-07T11:27:00.769Z] Time:          Fri Nov 07 2025 08:27:00 GMT-0300 (Horário Padrão de Brasília)
[debug] [2025-11-07T11:27:00.770Z] ----------------------------------------------------------------------
[debug] 
[info] 
     ######## #### ########  ######## ########     ###     ######  ########
     ##        ##  ##     ## ##       ##     ##  ##   ##  ##       ##
     ######    ##  ########  ######   ########  #########  ######  ######
     ##        ##  ##    ##  ##       ##     ## ##     ##       ## ##
     ##       #### ##     ## ######## ########  ##     ##  ######  ########

You're about to initialize a Firebase project in this directory:

  C:\Users\santa fe\Desktop\chamados-ti

Before we get started, keep in mind:

  * You are initializing within an existing Firebase project directory

[debug] [2025-11-07T11:27:24.483Z] ExitPromptError: User force closed the prompt with SIGINT
    at Interface.sigint (C:\Users\santa fe\AppData\Roaming\npm\node_modules\firebase-tools\node_modules\@inquirer\core\dist\commonjs\lib\create-prompt.js:101:37)
    at Interface.emit (node:events:508:28)
    at Interface.emit (node:domain:489:12)
    at [_ttyWrite] [as _ttyWrite] (node:internal/readline/interface:1317:18)
    at ReadStream.onkeypress (node:internal/readline/interface:284:20)
    at ReadStream.emit (node:events:520:35)
    at ReadStream.emit (node:domain:489:12)
    at emitKeys (node:internal/readline/utils:371:14)
    at emitKeys.next (<anonymous>)
    at ReadStream.onData (node:internal/readline/emitKeypressEvents:64:36)
[error] 
[error] Error: An unexpected error has occurred.
